2015-05-08 18:11:40 返利统计 2015-05-07 跳过重复插入详情数据
; ExtraAttrs=[]
2015-05-08 18:11:40 返利统计: 2015-05-07 跳过重复更新总计数据
; ExtraAttrs=[]
2015-05-08 18:11:40 返利统计: 2015-05-07 成功 ; ExtraAttrs=[]
2015-05-08 18:17:23 返利统计: 2015-05-07 跳过重复更新总计数据
; ExtraAttrs=[]
2015-05-08 18:17:23 返利统计: 2015-05-07 成功 ; ExtraAttrs=[]
2015-05-08 18:18:45 返利统计: 2015-05-07 成功 ; ExtraAttrs=[]
2015-05-08 18:19:40 返利统计: 2015-05-07 成功 ; ExtraAttrs=[]
2015-05-08 18:21:01 返利统计: 2015-05-07 成功 ; ExtraAttrs=[]
2015-05-08 18:27:41 返利统计: 2015-05-07 成功 ; ExtraAttrs=[]
2015-05-08 18:28:44 返利统计: 2015-05-07 成功 ; ExtraAttrs=[]
2015-05-08 18:28:59 返利统计 2015-05-07 跳过重复插入详情数据
; ExtraAttrs=[]
2015-05-08 18:28:59 返利统计: 2015-05-07 成功 ; ExtraAttrs=[]
2015-05-08 18:29:00 返利统计 2015-05-07 跳过重复插入详情数据
; ExtraAttrs=[]
2015-05-08 18:29:00 返利统计: 2015-05-07 成功 ; ExtraAttrs=[]
2015-07-11 15:24:24 用户配资/申请配资失败; 调用PeiziCash->applyPeizi(user_id=1350, pzData=array (
  'user_id' => '1350',
  'pz_id' => 'D20150711003',
  'product_id' => 65,
  'policy_id' => 131,
  'fee_rate' => '0.0015',
  'risk_assure_money' => 2000,
  'borrow_money' => 2000,
  'start_interest_day' => '2015-07-13',
  'fee_mode' => 1,
  'fee_date' => '13',
  'fee_income_next_date' => '2015-07-13',
  'warning_line' => 2240,
  'close_line' => 2160,
  'fee_time' => 2,
  'balance_mode' => 1,
  'addtime' => '2015-07-11 15:24:24',
  'pz_auto_defer' => 1,
  'pz_end_date' => '2015-07-14',
) ); 返回结果: array (
  'status' => 0,
  'code' => -50004,
  'message' => '创建配资明细失败',
); ExtraAttrs={"log_level":255,"ref_user":"1350"}
2015-07-11 15:24:41 用户配资/申请配资失败; 调用PeiziCash->applyPeizi(user_id=1350, pzData=array (
  'user_id' => '1350',
  'pz_id' => 'D20150711004',
  'product_id' => 65,
  'policy_id' => 131,
  'fee_rate' => '0.0015',
  'risk_assure_money' => 2000,
  'borrow_money' => 2000,
  'start_interest_day' => '2015-07-13',
  'fee_mode' => 1,
  'fee_date' => '13',
  'fee_income_next_date' => '2015-07-13',
  'warning_line' => 2240,
  'close_line' => 2160,
  'fee_time' => 2,
  'balance_mode' => 1,
  'addtime' => '2015-07-11 15:24:41',
  'pz_auto_defer' => 1,
  'pz_end_date' => '2015-07-14',
) ); 返回结果: array (
  'status' => 0,
  'code' => -50004,
  'message' => '创建配资明细失败',
); ExtraAttrs={"log_level":255,"ref_user":"1350"}
2015-07-11 15:30:41 用户配资/创建交易子账户; 调用DTS接口$cw->ExCreateTradeAccount(webService=https://120.26.40.171:31120/WebServices4SLSM.asmx, GUserID=150001911,Total=4000, Warning=2240, Close=2160, DTSProductID=P20150520100005, DTSAssetsCellID=G20150520100305, OwnFund=2000, StartTradeDate=20150713, EndTradeDate=20170610, UserName=D20150711005-张雪峰/15836566639, Password=, TradeFeeBlock=Type='1-10',BuyStampTax=0,SellStampTax=0.001,TransferExpense=0.0006,LowestTransferExpense=1,Commission=0.0008,LowestCommission=5,ReserveString='0.0008|5';Type='2-10',BuyStampTax=0,SellStampTax=0.001,TransferExpense=0.0000,LowestTransferExpense=0,Commission=0.0008,LowestCommission=5,ReserveString='0.0008|5';); 
接口返回数据：{"RejectReason":"ResultCode=3;ReturnMessage='入金在交易日开盘前生效'","DTSUserID":"148","AccountCode":"97801-060"}; ExtraAttrs={"log_level":0,"ref_user":"1363","ref_peizi":13}
2015-07-11 15:34:46 用户配资/创建交易子账户; 调用DTS接口$cw->ExCreateTradeAccount(webService=https://120.26.40.171:31120/WebServices4SLSM.asmx, GUserID=150001911,Total=4000, Warning=2240, Close=2160, DTSProductID=P20150520100005, DTSAssetsCellID=G20150520100305, OwnFund=2000, StartTradeDate=20150713, EndTradeDate=20170610, UserName=D20150711006-张雪峰/15836566639, Password=403962, TradeFeeBlock=Type='1-10',BuyStampTax=0,SellStampTax=0.001,TransferExpense=0.0006,LowestTransferExpense=1,Commission=0.0008,LowestCommission=5,ReserveString='0.0008|5';Type='2-10',BuyStampTax=0,SellStampTax=0.001,TransferExpense=0.0000,LowestTransferExpense=0,Commission=0.0008,LowestCommission=5,ReserveString='0.0008|5';); 
接口返回数据：{"RejectReason":"ResultCode=3;ReturnMessage='入金在交易日开盘前生效'","DTSUserID":"148","AccountCode":"97801-061"}; ExtraAttrs={"log_level":0,"ref_user":"1350","ref_peizi":42}
2015-07-11 15:40:27 用户配资/创建交易子账户; 调用DTS接口$cw->ExCreateTradeAccount(webService=https://120.26.40.171:31120/WebServices4SLSM.asmx, GUserID=150001911,Total=800000, Warning=672000, Close=648000, DTSProductID=P20150520100005, DTSAssetsCellID=G20150520100301, OwnFund=200000, StartTradeDate=20150713, EndTradeDate=20170610, UserName=D20150711007-张雪峰/15836566639, Password=, TradeFeeBlock=Type='1-10',BuyStampTax=0,SellStampTax=0.001,TransferExpense=0.0006,LowestTransferExpense=1,Commission=0.0008,LowestCommission=5,ReserveString='0.0008|5';Type='2-10',BuyStampTax=0,SellStampTax=0.001,TransferExpense=0.0000,LowestTransferExpense=0,Commission=0.0008,LowestCommission=5,ReserveString='0.0008|5';); 
接口返回数据：{"RejectReason":"ResultCode=3;ReturnMessage='入金在交易日开盘前生效'","DTSUserID":"148","AccountCode":"97801-062"}; ExtraAttrs={"log_level":0,"ref_user":"1350","ref_peizi":43}
2015-07-11 16:09:08 [mobile]用户配资/创建交易子账户; 调用DTS接口$cw->ExCreateTradeAccount(webService=https://120.26.40.171:31120/WebServices4SLSM.asmx, GUserID=150001911,Total=4000, Warning=2240, Close=2160, DTSProductID=P20150520100005, DTSAssetsCellID=G20150520100305, OwnFund=2000, StartTradeDate=20150713, EndTradeDate=20170610, UserName=D20150711008-张雪峰/15836566639, Password=, TradeFeeBlock=Type='1-10',BuyStampTax=0,SellStampTax=0.001,TransferExpense=0.0006,LowestTransferExpense=1,Commission=0.0008,LowestCommission=5,ReserveString='0.0008|5';Type='2-10',BuyStampTax=0,SellStampTax=0.001,TransferExpense=0.0000,LowestTransferExpense=0,Commission=0.0008,LowestCommission=5,ReserveString='0.0008|5';); 
接口返回数据：{"RejectReason":"ResultCode=3;ReturnMessage='入金在交易日开盘前生效'","DTSUserID":"148","AccountCode":"97801-063"}; ExtraAttrs={"log_level":0,"ref_user":"1350","ref_peizi":44}
2015-07-13 15:52:38 用户配资/创建交易子账户; 调用DTS接口$cw->ExCreateTradeAccount(webService=https://120.26.40.171:31120/WebServices4SLSM.asmx, GUserID=150001911,Total=40000, Warning=22400, Close=21600, DTSProductID=P20150520100005, DTSAssetsCellID=G20150520100305, OwnFund=20000, StartTradeDate=20150714, EndTradeDate=20170612, UserName=D20150713001-张雪峰/15836566639, Password=, TradeFeeBlock=Type='1-10',BuyStampTax=0,SellStampTax=0.001,TransferExpense=0.0006,LowestTransferExpense=1,Commission=0.0008,LowestCommission=5,ReserveString='0.0008|5';Type='2-10',BuyStampTax=0,SellStampTax=0.001,TransferExpense=0.0000,LowestTransferExpense=0,Commission=0.0008,LowestCommission=5,ReserveString='0.0008|5';); 
接口返回数据：{"RejectReason":"","DTSUserID":"148","AccountCode":"97801-075"}; ExtraAttrs={"log_level":0,"ref_user":"1350","ref_peizi":45}
2015-07-16 16:19:16 用户操盘/创建交易子账户; 调用DTS接口$cw->ExCreateTradeAccount(webService=https://120.26.40.171:31120/WebServices4SLSM.asmx, GUserID=150001911,Total=4000, Warning=2240, Close=2160, DTSProductID=P20150520100005, DTSAssetsCellID=G20150520100305, OwnFund=2000, StartTradeDate=20150717, EndTradeDate=20170615, UserName=D20150716001-张雪峰/15836566639, Password=, TradeFeeBlock=Type='1-10',BuyStampTax=0,SellStampTax=0.001,TransferExpense=0.0006,LowestTransferExpense=1,Commission=0.0008,LowestCommission=5,ReserveString='0.0008|5';Type='2-10',BuyStampTax=0,SellStampTax=0.001,TransferExpense=0.0000,LowestTransferExpense=0,Commission=0.0008,LowestCommission=5,ReserveString='0.0008|5';); 
接口返回数据：{"RejectReason":"","DTSUserID":"148","AccountCode":"97801-038"}; ExtraAttrs={"log_level":0,"ref_user":"1350","ref_peizi":46}
2015-07-16 16:21:11 用户操盘/创建交易子账户; 调用DTS接口$cw->ExCreateTradeAccount(webService=https://120.26.40.171:31120/WebServices4SLSM.asmx, GUserID=150001911,Total=4000, Warning=2240, Close=2160, DTSProductID=P20150520100005, DTSAssetsCellID=G20150520100305, OwnFund=2000, StartTradeDate=20150717, EndTradeDate=20170615, UserName=D20150716002-张雪峰/15836566639, Password=, TradeFeeBlock=Type='1-10',BuyStampTax=0,SellStampTax=0.001,TransferExpense=0.0006,LowestTransferExpense=1,Commission=0.0008,LowestCommission=5,ReserveString='0.0008|5';Type='2-10',BuyStampTax=0,SellStampTax=0.001,TransferExpense=0.0000,LowestTransferExpense=0,Commission=0.0008,LowestCommission=5,ReserveString='0.0008|5';); 
接口返回数据：{"RejectReason":"","DTSUserID":"148","AccountCode":"97801-039"}; ExtraAttrs={"log_level":0,"ref_user":"1350","ref_peizi":47}
2015-07-20 10:59:54 {"status":1,"url":"\/user\/login.html?return_url=\/stock\/index","msg":"\u8bf7\u5148\u767b\u5f55"}; ExtraAttrs=[]
2015-07-20 11:00:14 {"status":1,"url":"https:\/\/121.15.129.252?data=DcRGUQzMo8w7893bVElOUXpMRACMCKpDqJVV3LUE69TKrqSnGoFTVUkmjoGiGHyyNWIh%2F6NeLmmpW23NjlctzLMR2ZynswRmMkQjTePulbA0c5KOQSw1rfCGbhPOU6X%2BGSgD1WAvByxo6048fMSM5ArQkZ98FCBxtH74aBLzLAp49MKVbXk5PqWuuwFa01IiXwi1t3yOUtZ%2B2YiPPwwqFMVu8vkzrgfEHATGhsDLEjkyCMeaQow%2BXjMsrzue%2Flu0yKYuki92J5ZrNv8oSUuVuYUAycVlGuaDMqQy9Ay1TSPM6qhL9P7YwJ5VMWa1Nvjsb4SDdRFyDGbnXO6nlsH%2BQQ%3D%3D&sign=cgAJGhNj5PFc9gBa6bwYRE6lVPIVPvhMPJDqrCOUDGqYHkeeWrbZCnLbtnl1fwnvJF%2BdQl9vlWkoNa%2FINszFnJxZiKmjLP7KdBmhDxDCSS3km1lrX890bA1ymZmHgCdoiBSP8BHboTdDLpOPGMAPWwjx675tC8rkizmdn%2Byq20QHfxRS77s6T9G6Ab68s8R0z2w7aTenjCoTNBw7GJLQQAybq4oVh%2FkfEPfFnJ8Gon4r7HOCg6hQicEn%2BVmCXuY4jRC42qIHGq3IE11Xg8mdX6%2FPF9YmgSmklS%2FTHjY%2FcSXkZMkFWgOLG4SK1J%2F0hznq3l4glaisk%2FV7fvHCKdPoKQ%3D%3D","msg":"\u9a6c\u4e0a\u5f00\u6237"}; ExtraAttrs=[]
2015-07-21 17:07:41 用户操盘/创建交易子账户; 调用DTS接口$cw->ExCreateTradeAccount(webService=https://120.26.40.171:31120/WebServices4SLSM.asmx, GUserID=150001911,Total=8000, Warning=6720, Close=6480, DTSProductID=P20150520100004, DTSAssetsCellID=G20150520100307, OwnFund=2000, StartTradeDate=20150722, EndTradeDate=20170620, UserName=M20150721001-张雪峰/15836566639, Password=, TradeFeeBlock=Type='1-10',BuyStampTax=0,SellStampTax=0.001,TransferExpense=0.0006,LowestTransferExpense=1,Commission=0.0008,LowestCommission=5,ReserveString='0.0008|5';Type='2-10',BuyStampTax=0,SellStampTax=0.001,TransferExpense=0.0000,LowestTransferExpense=0,Commission=0.0008,LowestCommission=5,ReserveString='0.0008|5';); 
接口返回数据：{"RejectReason":"","DTSUserID":"148","AccountCode":"97801-044"}; ExtraAttrs={"log_level":0,"ref_user":"1350","ref_peizi":48}
2015-07-21 17:08:08 后台管理/强制终止操盘：强制终止操盘48进行终止前扣息，参考扣息结果：{"status":0,"code":201,"message":"没找到编号为48且符合扣息条件的操盘记录"}; ExtraAttrs={"ref_peizi":48}
2015-07-21 17:10:40 用户操盘/创建交易子账户; 调用DTS接口$cw->ExCreateTradeAccount(webService=https://120.26.40.171:31120/WebServices4SLSM.asmx, GUserID=150001911,Total=8000, Warning=6720, Close=6480, DTSProductID=P20150520100004, DTSAssetsCellID=G20150520100307, OwnFund=2000, StartTradeDate=20150722, EndTradeDate=20170620, UserName=M20150721002-张雪峰/15836566639, Password=, TradeFeeBlock=Type='1-10',BuyStampTax=0,SellStampTax=0.001,TransferExpense=0.0006,LowestTransferExpense=1,Commission=0.0008,LowestCommission=5,ReserveString='0.0008|5';Type='2-10',BuyStampTax=0,SellStampTax=0.001,TransferExpense=0.0000,LowestTransferExpense=0,Commission=0.0008,LowestCommission=5,ReserveString='0.0008|5';); 
接口返回数据：{"RejectReason":"","DTSUserID":"148","AccountCode":"97801-045"}; ExtraAttrs={"log_level":0,"ref_user":"1350","ref_peizi":49}
2015-07-21 17:10:57 用户对编号为49的操盘申请终止操盘操作; ExtraAttrs=[]
2015-07-28 13:52:36 用户操盘/创建交易子账户; 调用DTS接口$cw->ExCreateTradeAccount(webService=https://120.26.40.171:31120/WebServices4SLSM.asmx, GUserID=150001911,Total=8000, Warning=6720, Close=6480, DTSProductID=P20150520100005, DTSAssetsCellID=G20150520100301, OwnFund=2000, StartTradeDate=20150728, EndTradeDate=20170627, UserName=D20150728001-张雪峰/15836566639, Password=, TradeFeeBlock=Type='1-10',BuyStampTax=0,SellStampTax=0.001,TransferExpense=0.0006,LowestTransferExpense=1,Commission=0.0008,LowestCommission=5,ReserveString='0.0008|5';Type='2-10',BuyStampTax=0,SellStampTax=0.001,TransferExpense=0.0000,LowestTransferExpense=0,Commission=0.0008,LowestCommission=5,ReserveString='0.0008|5';); 
接口返回数据：{"RejectReason":"","DTSUserID":"109","AccountCode":"97801-005"}; ExtraAttrs={"log_level":0,"ref_user":"1350","ref_peizi":50}
2015-07-28 13:52:51 用户操盘/创建交易子账户; 调用DTS接口$cw->ExCreateTradeAccount(webService=https://120.26.40.171:31120/WebServices4SLSM.asmx, GUserID=150001911,Total=4000, Warning=2240, Close=2160, DTSProductID=P20150520100005, DTSAssetsCellID=G20150520100305, OwnFund=2000, StartTradeDate=20150728, EndTradeDate=20170627, UserName=D20150728002-张雪峰/15836566639, Password=, TradeFeeBlock=Type='1-10',BuyStampTax=0,SellStampTax=0.001,TransferExpense=0.0006,LowestTransferExpense=1,Commission=0.0008,LowestCommission=5,ReserveString='0.0008|5';Type='2-10',BuyStampTax=0,SellStampTax=0.001,TransferExpense=0.0000,LowestTransferExpense=0,Commission=0.0008,LowestCommission=5,ReserveString='0.0008|5';); 
接口返回数据：{"RejectReason":"","DTSUserID":"109","AccountCode":"97801-006"}; ExtraAttrs={"log_level":0,"ref_user":"1350","ref_peizi":51}
2015-07-28 13:56:26 用户操盘/创建交易子账户; 调用DTS接口$cw->ExCreateTradeAccount(webService=https://120.26.40.171:31120/WebServices4SLSM.asmx, GUserID=150001911,Total=8000, Warning=6720, Close=6480, DTSProductID=P20150520100005, DTSAssetsCellID=G20150520100301, OwnFund=2000, StartTradeDate=20150728, EndTradeDate=20170627, UserName=D20150728003-张雪峰/15836566639, Password=, TradeFeeBlock=Type='1-10',BuyStampTax=0,SellStampTax=0.001,TransferExpense=0.0006,LowestTransferExpense=1,Commission=0.0008,LowestCommission=5,ReserveString='0.0008|5';Type='2-10',BuyStampTax=0,SellStampTax=0.001,TransferExpense=0.0000,LowestTransferExpense=0,Commission=0.0008,LowestCommission=5,ReserveString='0.0008|5';); 
接口返回数据：{"RejectReason":"","DTSUserID":"109","AccountCode":"97801-007"}; ExtraAttrs={"log_level":0,"ref_user":"1350","ref_peizi":52}
2015-08-17 18:07:25 日常扣息任务失败；编号为38的操盘进行日常扣息时失败。参考结果：{"status":0,"code":203,"message":"编号为38的操盘详情DTS资产总额获取失败！E0203"}; ExtraAttrs={"log_level":255,"ref_peizi":"38","ref_user":"1351"}
2015-08-17 18:30:59 用户操盘/创建交易子账户; 调用DTS接口$cw->ExCreateTradeAccount(webService=https://120.26.40.171:31120/WebServices4SLSM.asmx, GUserID=150001911,Total=6000, Warning=4480, Close=4320, DTSProductID=P20150520100004, DTSAssetsCellID=G20150520100309, OwnFund=2000, StartTradeDate=20150818, EndTradeDate=20170717, UserName=M20150817001-张雪峰/15836566639, Password=, TradeFeeBlock=Type='1-10',BuyStampTax=0,SellStampTax=0.001,TransferExpense=0.0006,LowestTransferExpense=1,Commission=0.0008,LowestCommission=5,ReserveString='0.0008|5';Type='2-10',BuyStampTax=0,SellStampTax=0.001,TransferExpense=0.0000,LowestTransferExpense=0,Commission=0.0008,LowestCommission=5,ReserveString='0.0008|5';); 
接口返回数据：{"RejectReason":"","DTSUserID":"148","AccountCode":"97801-033"}; ExtraAttrs={"log_level":0,"ref_user":"1350","ref_peizi":53}
2015-08-17 18:45:54 操盘(53)修改失败,发生异常.异常数据:{"id":"53","user_id":"1350","pz_id":"M20150817001","product_id":"67","policy_id":"137","fee_rate":"0.02","risk_assure_money":"2102.00","borrow_money":"4000.00","dts_mobile":"15836566639","dts_g_user_id":"150001911","dts_dts_system_id":"338","dts_webservices_url":"https:\/\/120.26.40.171:31120\/WebServices4SLSM.asmx","dts_dts_user_id":"148","dts_account_code":"97801-033","dts_password":"403962","dts_company_code":"yzgsy","dts_account_value":"0","dts_account_balance":"6000","dts_account_asset_value":"6000","dts_account_sync_time":"-1","fee_mode":"2","start_interest_day":"2015-06-18 00:00:00","fee_date":"18","fee_income_next_date":"2015-07-18","fee_time":"1","balance_mode":"1","interest_money":"80.00","interest_deduct_times":"0","warning_line":"4480.00","last_warning_smstime":"0","close_line":"4320.00","last_close_smstime":"0","stock_income":"0.00","markeing_money":"0.00","income_money_pz":"0.00","pay_money_pz":"6102.00","pz_status":"1","pz_terminate_time":"0","pz_terminate_reason":"","dts_closeout_time":"0","pz_clearing_time":"0","pz_dtscancel_time":"0","hash":"7f7c50375dbaf0cdbd26ea52fdb0aa32","defer_times":"0","pz_auto_defer":"1","pz_end_date":"2015-09-16","forfeit_interest":"0.00","hash_version":"3","updatetime":"2015-08-17 18:43:55","addtime":"2015-08-17 18:30:57","channel_code":"","sub_channel_code":"","source":"1","umbrella_id":"2","befor_risk_assure_money":"2000.00"}; ExtraAttrs={"log_level":255,"ref_user":"1350"}
2015-08-17 18:45:54 利息扣除异常！调用参数$peiziCash->payUserRate($pz_detail_id=53, $rateMode=0); 参考消息：-50009|操盘hash出现异常，已被锁定;; ExtraAttrs={"log_level":255,"ref_ip":"","ref_user":"1350","ref_peizi":"53"}
2015-08-17 18:45:54 日常扣息任务失败；编号为53的操盘进行日常扣息时失败。参考结果：{"status":0,"code":210,"message":"编号为53的操盘详情利息扣除失败！消息：-50009|操盘hash出现异常，已被锁定;E0210"}; ExtraAttrs={"log_level":255,"ref_peizi":"53","ref_user":"1350"}
2015-08-17 18:52:51 操盘(53)修改失败,发生异常.异常数据:{"id":"53","user_id":"1350","pz_id":"M20150817001","product_id":"67","policy_id":"137","fee_rate":"0.02","risk_assure_money":"2102.00","borrow_money":"4000.00","dts_mobile":"15836566639","dts_g_user_id":"150001911","dts_dts_system_id":"338","dts_webservices_url":"https:\/\/120.26.40.171:31120\/WebServices4SLSM.asmx","dts_dts_user_id":"148","dts_account_code":"97801-033","dts_password":"403962","dts_company_code":"yzgsy","dts_account_value":"0","dts_account_balance":"6000","dts_account_asset_value":"6000","dts_account_sync_time":"-1","fee_mode":"2","start_interest_day":"2015-06-18 00:00:00","fee_date":"18","fee_income_next_date":"2015-07-18","fee_time":"1","balance_mode":"1","interest_money":"80.00","interest_deduct_times":"0","warning_line":"4480.00","last_warning_smstime":"0","close_line":"4320.00","last_close_smstime":"0","stock_income":"0.00","markeing_money":"0.00","income_money_pz":"0.00","pay_money_pz":"6102.00","pz_status":"1","pz_terminate_time":"0","pz_terminate_reason":"","dts_closeout_time":"0","pz_clearing_time":"0","pz_dtscancel_time":"0","hash":"7f7c50375dbaf0cdbd26ea52fdb0aa32","defer_times":"0","pz_auto_defer":"1","pz_end_date":"2015-09-16","forfeit_interest":"0.00","hash_version":"3","updatetime":"2015-08-17 18:43:55","addtime":"2015-08-17 18:30:57","channel_code":"","sub_channel_code":"","source":"1","umbrella_id":"2","befor_risk_assure_money":"2000.00"}; ExtraAttrs={"log_level":255,"ref_user":"1350"}
2015-08-17 18:52:51 利息扣除异常！调用参数$peiziCash->payUserRate($pz_detail_id=53, $rateMode=0); 参考消息：-50009|操盘hash出现异常，已被锁定;; ExtraAttrs={"log_level":255,"ref_ip":"","ref_user":"1350","ref_peizi":"53"}
2015-08-17 18:52:51 日常扣息任务失败；编号为53的操盘进行日常扣息时失败。参考结果：{"status":0,"code":210,"message":"编号为53的操盘详情利息扣除失败！消息：-50009|操盘hash出现异常，已被锁定;E0210"}; ExtraAttrs={"log_level":255,"ref_peizi":"53","ref_user":"1350"}
2015-08-17 18:53:42 操盘(53)修改失败,发生异常.异常数据:{"id":"53","user_id":"1350","pz_id":"M20150817001","product_id":"67","policy_id":"137","fee_rate":"0.02","risk_assure_money":"2102.00","borrow_money":"4000.00","dts_mobile":"15836566639","dts_g_user_id":"150001911","dts_dts_system_id":"338","dts_webservices_url":"https:\/\/120.26.40.171:31120\/WebServices4SLSM.asmx","dts_dts_user_id":"148","dts_account_code":"97801-033","dts_password":"403962","dts_company_code":"yzgsy","dts_account_value":"0","dts_account_balance":"6000","dts_account_asset_value":"6000","dts_account_sync_time":"-1","fee_mode":"2","start_interest_day":"2015-06-18 00:00:00","fee_date":"18","fee_income_next_date":"2015-07-18","fee_time":"1","balance_mode":"1","interest_money":"80.00","interest_deduct_times":"0","warning_line":"4480.00","last_warning_smstime":"0","close_line":"4320.00","last_close_smstime":"0","stock_income":"0.00","markeing_money":"0.00","income_money_pz":"0.00","pay_money_pz":"6102.00","pz_status":"1","pz_terminate_time":"0","pz_terminate_reason":"","dts_closeout_time":"0","pz_clearing_time":"0","pz_dtscancel_time":"0","hash":"7f7c50375dbaf0cdbd26ea52fdb0aa32","defer_times":"0","pz_auto_defer":"1","pz_end_date":"2015-09-16","forfeit_interest":"0.00","hash_version":"3","updatetime":"2015-08-17 18:43:55","addtime":"2015-08-17 18:30:57","channel_code":"","sub_channel_code":"","source":"1","umbrella_id":"2","befor_risk_assure_money":"2000.00"}; ExtraAttrs={"log_level":255,"ref_user":"1350"}
2015-08-17 18:53:42 利息扣除异常！调用参数$peiziCash->payUserRate($pz_detail_id=53, $rateMode=0); 参考消息：-50009|操盘hash出现异常，已被锁定;; ExtraAttrs={"log_level":255,"ref_ip":"","ref_user":"1350","ref_peizi":"53"}
2015-08-17 18:53:42 日常扣息任务失败；编号为53的操盘进行日常扣息时失败。参考结果：{"status":0,"code":210,"message":"编号为53的操盘详情利息扣除失败！消息：-50009|操盘hash出现异常，已被锁定;E0210"}; ExtraAttrs={"log_level":255,"ref_peizi":"53","ref_user":"1350"}
2015-08-17 19:04:41 操盘(53)修改失败,发生异常.异常数据:{"id":"53","user_id":"1350","pz_id":"M20150817001","product_id":"67","policy_id":"137","fee_rate":"0.02","risk_assure_money":"2102.00","borrow_money":"4000.00","dts_mobile":"15836566639","dts_g_user_id":"150001911","dts_dts_system_id":"338","dts_webservices_url":"https:\/\/120.26.40.171:31120\/WebServices4SLSM.asmx","dts_dts_user_id":"148","dts_account_code":"97801-033","dts_password":"403962","dts_company_code":"yzgsy","dts_account_value":"0","dts_account_balance":"6000","dts_account_asset_value":"6000","dts_account_sync_time":"-1","fee_mode":"2","start_interest_day":"2015-06-18 00:00:00","fee_date":"18","fee_income_next_date":"2015-07-18","fee_time":"1","balance_mode":"1","interest_money":"80.00","interest_deduct_times":"0","warning_line":"4480.00","last_warning_smstime":"0","close_line":"4320.00","last_close_smstime":"0","stock_income":"0.00","markeing_money":"0.00","income_money_pz":"0.00","pay_money_pz":"6102.00","pz_status":"1","pz_terminate_time":"0","pz_terminate_reason":"","dts_closeout_time":"0","pz_clearing_time":"0","pz_dtscancel_time":"0","hash":"7f7c50375dbaf0cdbd26ea52fdb0aa32","defer_times":"0","pz_auto_defer":"1","pz_end_date":"2015-09-16","forfeit_interest":"0.00","hash_version":"3","updatetime":"2015-08-17 18:43:55","addtime":"2015-08-17 18:30:57","channel_code":"","sub_channel_code":"","source":"1","umbrella_id":"2","befor_risk_assure_money":"2000.00"}; ExtraAttrs={"log_level":255,"ref_user":"1350"}
2015-08-17 19:04:41 利息扣除异常！调用参数$peiziCash->payUserRate($pz_detail_id=53, $rateMode=0); 参考消息：-50009|操盘hash出现异常，已被锁定;; ExtraAttrs={"log_level":255,"ref_ip":"","ref_user":"1350","ref_peizi":"53"}
2015-08-17 19:04:41 日常扣息任务失败；编号为53的操盘进行日常扣息时失败。参考结果：{"status":0,"code":210,"message":"编号为53的操盘详情利息扣除失败！消息：-50009|操盘hash出现异常，已被锁定;E0210"}; ExtraAttrs={"log_level":255,"ref_peizi":"53","ref_user":"1350"}
2015-08-17 19:06:58 操盘(53)修改失败,发生异常.异常数据:{"id":"53","user_id":"1350","pz_id":"M20150817001","product_id":"67","policy_id":"137","fee_rate":"0.02","risk_assure_money":"2102.00","borrow_money":"4000.00","dts_mobile":"15836566639","dts_g_user_id":"150001911","dts_dts_system_id":"338","dts_webservices_url":"https:\/\/120.26.40.171:31120\/WebServices4SLSM.asmx","dts_dts_user_id":"148","dts_account_code":"97801-033","dts_password":"403962","dts_company_code":"yzgsy","dts_account_value":"0","dts_account_balance":"6000","dts_account_asset_value":"6000","dts_account_sync_time":"-1","fee_mode":"2","start_interest_day":"2015-06-18 00:00:00","fee_date":"18","fee_income_next_date":"2015-07-18","fee_time":"1","balance_mode":"1","interest_money":"80.00","interest_deduct_times":"0","warning_line":"4480.00","last_warning_smstime":"0","close_line":"4320.00","last_close_smstime":"0","stock_income":"0.00","markeing_money":"0.00","income_money_pz":"0.00","pay_money_pz":"6102.00","pz_status":"1","pz_terminate_time":"0","pz_terminate_reason":"","dts_closeout_time":"0","pz_clearing_time":"0","pz_dtscancel_time":"0","hash":"7f7c50375dbaf0cdbd26ea52fdb0aa32","defer_times":"0","pz_auto_defer":"1","pz_end_date":"2015-09-16","forfeit_interest":"0.00","hash_version":"3","updatetime":"2015-08-17 18:43:55","addtime":"2015-08-17 18:30:57","channel_code":"","sub_channel_code":"","source":"1","umbrella_id":"2","befor_risk_assure_money":"2000.00"}; ExtraAttrs={"log_level":255,"ref_user":"1350"}
2015-08-17 19:06:58 利息扣除异常！调用参数$peiziCash->payUserRate($pz_detail_id=53, $rateMode=0); 参考消息：-50009|操盘hash出现异常，已被锁定;; ExtraAttrs={"log_level":255,"ref_ip":"","ref_user":"1350","ref_peizi":"53"}
2015-08-17 19:06:58 日常扣息任务失败；编号为53的操盘进行日常扣息时失败。参考结果：{"status":0,"code":210,"message":"编号为53的操盘详情利息扣除失败！消息：-50009|操盘hash出现异常，已被锁定;E0210"}; ExtraAttrs={"log_level":255,"ref_peizi":"53","ref_user":"1350"}
2015-08-17 19:24:25 操盘(53)修改失败,发生异常.异常数据:{"id":"53","user_id":"1350","pz_id":"M20150817001","product_id":"67","policy_id":"137","fee_rate":"0.02","risk_assure_money":"2102.00","borrow_money":"4000.00","dts_mobile":"15836566639","dts_g_user_id":"150001911","dts_dts_system_id":"338","dts_webservices_url":"https:\/\/120.26.40.171:31120\/WebServices4SLSM.asmx","dts_dts_user_id":"148","dts_account_code":"97801-033","dts_password":"403962","dts_company_code":"yzgsy","dts_account_value":"0","dts_account_balance":"6000","dts_account_asset_value":"6000","dts_account_sync_time":"-1","fee_mode":"2","start_interest_day":"2015-06-18 00:00:00","fee_date":"18","fee_income_next_date":"2015-07-18","fee_time":"1","balance_mode":"1","interest_money":"80.00","interest_deduct_times":"0","warning_line":"4480.00","last_warning_smstime":"0","close_line":"4320.00","last_close_smstime":"0","stock_income":"0.00","markeing_money":"0.00","income_money_pz":"0.00","pay_money_pz":"6102.00","pz_status":"1","pz_terminate_time":"0","pz_terminate_reason":"","dts_closeout_time":"0","pz_clearing_time":"0","pz_dtscancel_time":"0","hash":"7f7c50375dbaf0cdbd26ea52fdb0aa32","defer_times":"0","pz_auto_defer":"1","pz_end_date":"2015-09-16","forfeit_interest":"0.00","hash_version":"3","updatetime":"2015-08-17 18:43:55","addtime":"2015-08-17 18:30:57","channel_code":"","sub_channel_code":"","source":"1","umbrella_id":"2","befor_risk_assure_money":"2000.00"}; ExtraAttrs={"log_level":255,"ref_user":"1350"}
2015-08-17 19:24:25 利息扣除异常！调用参数$peiziCash->payUserRate($pz_detail_id=53, $rateMode=0); 参考消息：-50009|操盘hash出现异常，已被锁定;; ExtraAttrs={"log_level":255,"ref_ip":"","ref_user":"1350","ref_peizi":"53"}
2015-08-17 19:24:25 日常扣息任务失败；编号为53的操盘进行日常扣息时失败。参考结果：{"status":0,"code":210,"message":"编号为53的操盘详情利息扣除失败！消息：-50009|操盘hash出现异常，已被锁定;E0210"}; ExtraAttrs={"log_level":255,"ref_peizi":"53","ref_user":"1350"}
2015-08-17 19:28:25 操盘(53)修改失败,发生异常.异常数据:{"id":"53","user_id":"1350","pz_id":"M20150817001","product_id":"67","policy_id":"137","fee_rate":"0.02","risk_assure_money":"2102.00","borrow_money":"4000.00","dts_mobile":"15836566639","dts_g_user_id":"150001911","dts_dts_system_id":"338","dts_webservices_url":"https:\/\/120.26.40.171:31120\/WebServices4SLSM.asmx","dts_dts_user_id":"148","dts_account_code":"97801-033","dts_password":"403962","dts_company_code":"yzgsy","dts_account_value":"0","dts_account_balance":"6000","dts_account_asset_value":"6000","dts_account_sync_time":"-1","fee_mode":"2","start_interest_day":"2015-06-18 00:00:00","fee_date":"18","fee_income_next_date":"2015-07-18","fee_time":"1","balance_mode":"1","interest_money":"160.00","interest_deduct_times":"0","warning_line":"4480.00","last_warning_smstime":"0","close_line":"4320.00","last_close_smstime":"0","stock_income":"0.00","markeing_money":"0.00","income_money_pz":"0.00","pay_money_pz":"6102.00","pz_status":"1","pz_terminate_time":"0","pz_terminate_reason":"","dts_closeout_time":"0","pz_clearing_time":"0","pz_dtscancel_time":"0","hash":"cfcc54ba8cb1ee1bc76f5c32e8b0aa32","defer_times":"0","pz_auto_defer":"1","pz_end_date":"2015-09-16","forfeit_interest":"0.00","hash_version":"3","updatetime":"2015-08-17 19:28:12","addtime":"2015-08-17 18:30:57","channel_code":"","sub_channel_code":"","source":"1","umbrella_id":"2","befor_risk_assure_money":"2000.00"}; ExtraAttrs={"log_level":255,"ref_user":"1350"}
2015-08-17 19:28:25 利息扣除异常！调用参数$peiziCash->payUserRate($pz_detail_id=53, $rateMode=0); 参考消息：-50009|操盘hash出现异常，已被锁定;; ExtraAttrs={"log_level":255,"ref_ip":"","ref_user":"1350","ref_peizi":"53"}
2015-08-17 19:28:25 日常扣息任务失败；编号为53的操盘进行日常扣息时失败。参考结果：{"status":0,"code":210,"message":"编号为53的操盘详情利息扣除失败！消息：-50009|操盘hash出现异常，已被锁定;E0210"}; ExtraAttrs={"log_level":255,"ref_peizi":"53","ref_user":"1350"}
2015-08-18 17:36:50 用户对编号为53的操盘申请终止操盘操作; ExtraAttrs=[]
2015-08-19 09:13:45 用户操盘/创建交易子账户; 调用DTS接口$cw->ExCreateTradeAccount(webService=https://120.26.40.171:31120/WebServices4SLSM.asmx, GUserID=150001911,Total=4000, Warning=2240, Close=2160, DTSProductID=P20150520100005, DTSAssetsCellID=G20150520100305, OwnFund=2000, StartTradeDate=20150819, EndTradeDate=20170719, UserName=D20150819001-张雪峰/15836566639, Password=, TradeFeeBlock=Type='1-10',BuyStampTax=0,SellStampTax=0.001,TransferExpense=0.0006,LowestTransferExpense=1,Commission=0.0008,LowestCommission=5,ReserveString='0.0008|5';Type='2-10',BuyStampTax=0,SellStampTax=0.001,TransferExpense=0.0000,LowestTransferExpense=0,Commission=0.0008,LowestCommission=5,ReserveString='0.0008|5';); 
接口返回数据：{"RejectReason":"","DTSUserID":"148","AccountCode":"97801-036"}; ExtraAttrs={"log_level":0,"ref_user":"1350","ref_peizi":54}
2015-08-19 10:40:33 用户对编号为54的操盘申请终止操盘操作; ExtraAttrs=[]
2015-08-19 14:03:19 用户对编号为54的操盘申请终止操盘操作; ExtraAttrs=[]
2015-08-19 14:04:01 用户操盘/创建交易子账户; 调用DTS接口$cw->ExCreateTradeAccount(webService=https://120.26.40.171:31120/WebServices4SLSM.asmx, GUserID=150001911,Total=4000, Warning=2240, Close=2160, DTSProductID=P20150520100005, DTSAssetsCellID=G20150520100305, OwnFund=2000, StartTradeDate=20150819, EndTradeDate=20170719, UserName=D20150819002-张雪峰/15836566639, Password=, TradeFeeBlock=Type='1-10',BuyStampTax=0,SellStampTax=0.001,TransferExpense=0.0006,LowestTransferExpense=1,Commission=0.0008,LowestCommission=5,ReserveString='0.0008|5';Type='2-10',BuyStampTax=0,SellStampTax=0.001,TransferExpense=0.0000,LowestTransferExpense=0,Commission=0.0008,LowestCommission=5,ReserveString='0.0008|5';); 
接口返回数据：{"RejectReason":"","DTSUserID":"148","AccountCode":"97801-039"}; ExtraAttrs={"log_level":0,"ref_user":"1350","ref_peizi":55}
2015-08-19 15:27:44 [mobile]用户操盘/创建交易子账户; 调用DTS接口$cw->ExCreateTradeAccount(webService=https://120.26.40.171:31120/WebServices4SLSM.asmx, GUserID=150001911,Total=4000, Warning=2240, Close=2160, DTSProductID=P20150520100004, DTSAssetsCellID=G20150520100311, OwnFund=2000, StartTradeDate=20150820, EndTradeDate=20170719, UserName=M20150819004-张雪峰/15836566639, Password=, TradeFeeBlock=Type='1-10',BuyStampTax=0,SellStampTax=0.001,TransferExpense=0.0006,LowestTransferExpense=1,Commission=0.0008,LowestCommission=5,ReserveString='0.0008|5';Type='2-10',BuyStampTax=0,SellStampTax=0.001,TransferExpense=0.0000,LowestTransferExpense=0,Commission=0.0008,LowestCommission=5,ReserveString='0.0008|5';); 
接口返回数据：{"RejectReason":"","DTSUserID":"148","AccountCode":"97801-046"}; ExtraAttrs={"log_level":0,"ref_user":"1350","ref_peizi":57}
